# JRE version: OpenJDK Runtime Environment (11.0.10) (build 11.0.10+0-b96-7249189)
# Java VM: OpenJDK 64-Bit Server VM (11.0.10+0-b96-7249189, mixed mode, tiered, compressed oops, g1 gc, windows-amd64)
Heap:
 garbage-first heap   total 196608K, used 99282K [0x0000000080000000, 0x0000000100000000)
  region size 1024K, 34 young (34816K), 9 survivors (9216K)
 Metaspace       used 89049K, capacity 91309K, committed 91596K, reserved 1128448K
  class space    used 11419K, capacity 12195K, committed 12236K, reserved 1048576K
GC Heap History (20 events):
Event: 4.551 GC heap before
{Heap before GC invocations=4 (full 0):
 garbage-first heap   total 196608K, used 85701K [0x0000000080000000, 0x0000000100000000)
  region size 1024K, 69 young (70656K), 2 survivors (2048K)
 Metaspace       used 35025K, capacity 35830K, committed 35840K, reserved 1081344K
  class space    used 4539K, capacity 4864K, committed 4864K, reserved 1048576K
}
Event: 4.562 GC heap after
{Heap after GC invocations=5 (full 0):
 garbage-first heap   total 196608K, used 21600K [0x0000000080000000, 0x0000000100000000)
  region size 1024K, 6 young (6144K), 6 survivors (6144K)
 Metaspace       used 35025K, capacity 35830K, committed 35840K, reserved 1081344K
  class space    used 4539K, capacity 4864K, committed 4864K, reserved 1048576K
}
Event: 6.014 GC heap before
{Heap before GC invocations=6 (full 0):
 garbage-first heap   total 196608K, used 122976K [0x0000000080000000, 0x0000000100000000)
  region size 1024K, 102 young (104448K), 6 survivors (6144K)
 Metaspace       used 43047K, capacity 44085K, committed 44364K, reserved 1087488K
  class space    used 5494K, capacity 5855K, committed 5964K, reserved 1048576K
}
Event: 6.026 GC heap after
{Heap after GC invocations=7 (full 0):
 garbage-first heap   total 196608K, used 27800K [0x0000000080000000, 0x0000000100000000)
  region size 1024K, 12 young (12288K), 12 survivors (12288K)
 Metaspace       used 43047K, capacity 44085K, committed 44364K, reserved 1087488K
  class space    used 5494K, capacity 5855K, committed 5964K, reserved 1048576K
}
Event: 7.996 GC heap before
{Heap before GC invocations=7 (full 0):
 garbage-first heap   total 196608K, used 132248K [0x0000000080000000, 0x0000000100000000)
  region size 1024K, 111 young (113664K), 12 survivors (12288K)
 Metaspace       used 50272K, capacity 51549K, committed 51788K, reserved 1093632K
  class space    used 6419K, capacity 6878K, committed 6988K, reserved 1048576K
}
Event: 8.016 GC heap after
{Heap after GC invocations=8 (full 0):
 garbage-first heap   total 196608K, used 40555K [0x0000000080000000, 0x0000000100000000)
  region size 1024K, 14 young (14336K), 14 survivors (14336K)
 Metaspace       used 50272K, capacity 51549K, committed 51788K, reserved 1093632K
  class space    used 6419K, capacity 6878K, committed 6988K, reserved 1048576K
}
Event: 9.332 GC heap before
{Heap before GC invocations=8 (full 0):
 garbage-first heap   total 196608K, used 90731K [0x0000000080000000, 0x0000000100000000)
  region size 1024K, 64 young (65536K), 14 survivors (14336K)
 Metaspace       used 58615K, capacity 60136K, committed 60236K, reserved 1101824K
  class space    used 7407K, capacity 7967K, committed 8012K, reserved 1048576K
}
Event: 9.362 GC heap after
{Heap after GC invocations=9 (full 0):
 garbage-first heap   total 196608K, used 44299K [0x0000000080000000, 0x0000000100000000)
  region size 1024K, 4 young (4096K), 4 survivors (4096K)
 Metaspace       used 58615K, capacity 60136K, committed 60236K, reserved 1101824K
  class space    used 7407K, capacity 7967K, committed 8012K, reserved 1048576K
}
Event: 10.902 GC heap before
{Heap before GC invocations=10 (full 0):
 garbage-first heap   total 196608K, used 124171K [0x0000000080000000, 0x0000000100000000)
  region size 1024K, 82 young (83968K), 4 survivors (4096K)
 Metaspace       used 64377K, capacity 66052K, committed 66124K, reserved 1105920K
  class space    used 8150K, capacity 8752K, committed 8780K, reserved 1048576K
}
Event: 10.911 GC heap after
{Heap after GC invocations=11 (full 0):
 garbage-first heap   total 196608K, used 50604K [0x0000000080000000, 0x0000000100000000)
  region size 1024K, 10 young (10240K), 10 survivors (10240K)
 Metaspace       used 64377K, capacity 66052K, committed 66124K, reserved 1105920K
  class space    used 8150K, capacity 8752K, committed 8780K, reserved 1048576K
}
Event: 12.691 GC heap before
{Heap before GC invocations=11 (full 0):
 garbage-first heap   total 196608K, used 130476K [0x0000000080000000, 0x0000000100000000)
  region size 1024K, 88 young (90112K), 10 survivors (10240K)
 Metaspace       used 72536K, capacity 74338K, committed 74572K, reserved 1114112K
  class space    used 9377K, capacity 10000K, committed 10060K, reserved 1048576K
}
Event: 12.702 GC heap after
{Heap after GC invocations=12 (full 0):
 garbage-first heap   total 196608K, used 55490K [0x0000000080000000, 0x0000000100000000)
  region size 1024K, 6 young (6144K), 6 survivors (6144K)
 Metaspace       used 72536K, capacity 74338K, committed 74572K, reserved 1114112K
  class space    used 9377K, capacity 10000K, committed 10060K, reserved 1048576K
}
Event: 15.331 GC heap before
{Heap before GC invocations=12 (full 0):
 garbage-first heap   total 196608K, used 136386K [0x0000000080000000, 0x0000000100000000)
  region size 1024K, 86 young (88064K), 6 survivors (6144K)
 Metaspace       used 81094K, capacity 83272K, committed 83532K, reserved 1122304K
  class space    used 10522K, capacity 11279K, committed 11340K, reserved 1048576K
}
Event: 15.343 GC heap after
{Heap after GC invocations=13 (full 0):
 garbage-first heap   total 196608K, used 62643K [0x0000000080000000, 0x0000000100000000)
  region size 1024K, 11 young (11264K), 11 survivors (11264K)
 Metaspace       used 81094K, capacity 83272K, committed 83532K, reserved 1122304K
  class space    used 10522K, capacity 11279K, committed 11340K, reserved 1048576K
}
Event: 17.187 GC heap before
{Heap before GC invocations=13 (full 0):
 garbage-first heap   total 196608K, used 141491K [0x0000000080000000, 0x0000000100000000)
  region size 1024K, 89 young (91136K), 11 survivors (11264K)
 Metaspace       used 82320K, capacity 84595K, committed 84684K, reserved 1122304K
  class space    used 10623K, capacity 11454K, committed 11468K, reserved 1048576K
}
Event: 17.206 GC heap after
{Heap after GC invocations=14 (full 0):
 garbage-first heap   total 196608K, used 68711K [0x0000000080000000, 0x0000000100000000)
  region size 1024K, 6 young (6144K), 6 survivors (6144K)
 Metaspace       used 82320K, capacity 84595K, committed 84684K, reserved 1122304K
  class space    used 10623K, capacity 11454K, committed 11468K, reserved 1048576K
}
Event: 18.022 GC heap before
{Heap before GC invocations=14 (full 0):
 garbage-first heap   total 196608K, used 146535K [0x0000000080000000, 0x0000000100000000)
  region size 1024K, 83 young (84992K), 6 survivors (6144K)
 Metaspace       used 85003K, capacity 87157K, committed 87372K, reserved 1124352K
  class space    used 10951K, capacity 11768K, committed 11852K, reserved 1048576K
}
Event: 18.031 GC heap after
{Heap after GC invocations=15 (full 0):
 garbage-first heap   total 196608K, used 70971K [0x0000000080000000, 0x0000000100000000)
  region size 1024K, 9 young (9216K), 9 survivors (9216K)
 Metaspace       used 85003K, capacity 87157K, committed 87372K, reserved 1124352K
  class space    used 10951K, capacity 11768K, committed 11852K, reserved 1048576K
}
Event: 22.953 GC heap before
{Heap before GC invocations=15 (full 0):
 garbage-first heap   total 196608K, used 148795K [0x0000000080000000, 0x0000000100000000)
  region size 1024K, 86 young (88064K), 9 survivors (9216K)
 Metaspace       used 88092K, capacity 90349K, committed 90572K, reserved 1128448K
  class space    used 11309K, capacity 12131K, committed 12236K, reserved 1048576K
}
Event: 22.967 GC heap after
{Heap after GC invocations=16 (full 0):
 garbage-first heap   total 196608K, used 75730K [0x0000000080000000, 0x0000000100000000)
  region size 1024K, 9 young (9216K), 9 survivors (9216K)
 Metaspace       used 88092K, capacity 90349K, committed 90572K, reserved 1128448K
  class space    used 11309K, capacity 12131K, committed 12236K, reserved 1048576K
}

