# JRE version: OpenJDK Runtime Environment (11.0.10) (build 11.0.10+0-b96-7249189)
# Java VM: OpenJDK 64-Bit Server VM (11.0.10+0-b96-7249189, mixed mode, tiered, compressed oops, g1 gc, windows-amd64)
Heap:
 garbage-first heap   total 196608K, used 117580K [0x0000000080000000, 0x0000000100000000)
  region size 1024K, 5 young (5120K), 1 survivors (1024K)
 Metaspace       used 120557K, capacity 123227K, committed 124160K, reserved 1157120K
  class space    used 14877K, capacity 15858K, committed 16128K, reserved 1048576K
GC Heap History (20 events):
Event: 2140.337 GC heap before
{Heap before GC invocations=27 (full 0):
 garbage-first heap   total 196608K, used 146645K [0x0000000080000000, 0x0000000100000000)
  region size 1024K, 38 young (38912K), 2 survivors (2048K)
 Metaspace       used 113953K, capacity 116611K, committed 117504K, reserved 1150976K
  class space    used 14325K, capacity 15296K, committed 15616K, reserved 1048576K
}
Event: 2140.357 GC heap after
{Heap after GC invocations=28 (full 0):
 garbage-first heap   total 196608K, used 119506K [0x0000000080000000, 0x0000000100000000)
  region size 1024K, 7 young (7168K), 7 survivors (7168K)
 Metaspace       used 113953K, capacity 116611K, committed 117504K, reserved 1150976K
  class space    used 14325K, capacity 15296K, committed 15616K, reserved 1048576K
}
Event: 2141.746 GC heap before
{Heap before GC invocations=29 (full 0):
 garbage-first heap   total 196608K, used 173778K [0x0000000080000000, 0x0000000100000000)
  region size 1024K, 49 young (50176K), 7 survivors (7168K)
 Metaspace       used 114410K, capacity 117025K, committed 118016K, reserved 1150976K
  class space    used 14346K, capacity 15311K, committed 15616K, reserved 1048576K
}
Event: 2141.766 GC heap after
{Heap after GC invocations=30 (full 0):
 garbage-first heap   total 196608K, used 130678K [0x0000000080000000, 0x0000000100000000)
  region size 1024K, 7 young (7168K), 7 survivors (7168K)
 Metaspace       used 114410K, capacity 117025K, committed 118016K, reserved 1150976K
  class space    used 14346K, capacity 15311K, committed 15616K, reserved 1048576K
}
Event: 2141.840 GC heap before
{Heap before GC invocations=30 (full 0):
 garbage-first heap   total 196608K, used 132726K [0x0000000080000000, 0x0000000100000000)
  region size 1024K, 9 young (9216K), 7 survivors (7168K)
 Metaspace       used 114416K, capacity 117025K, committed 118016K, reserved 1150976K
  class space    used 14346K, capacity 15311K, committed 15616K, reserved 1048576K
}
Event: 2141.862 GC heap after
{Heap after GC invocations=31 (full 0):
 garbage-first heap   total 196608K, used 122178K [0x0000000080000000, 0x0000000100000000)
  region size 1024K, 1 young (1024K), 1 survivors (1024K)
 Metaspace       used 114416K, capacity 117025K, committed 118016K, reserved 1150976K
  class space    used 14346K, capacity 15311K, committed 15616K, reserved 1048576K
}
Event: 2142.028 GC heap before
{Heap before GC invocations=31 (full 0):
 garbage-first heap   total 196608K, used 130370K [0x0000000080000000, 0x0000000100000000)
  region size 1024K, 9 young (9216K), 1 survivors (1024K)
 Metaspace       used 114430K, capacity 117025K, committed 118016K, reserved 1150976K
  class space    used 14346K, capacity 15311K, committed 15616K, reserved 1048576K
}
Event: 2142.034 GC heap after
{Heap after GC invocations=32 (full 0):
 garbage-first heap   total 196608K, used 124166K [0x0000000080000000, 0x0000000100000000)
  region size 1024K, 2 young (2048K), 2 survivors (2048K)
 Metaspace       used 114430K, capacity 117025K, committed 118016K, reserved 1150976K
  class space    used 14346K, capacity 15311K, committed 15616K, reserved 1048576K
}
Event: 2142.388 GC heap before
{Heap before GC invocations=32 (full 0):
 garbage-first heap   total 196608K, used 160006K [0x0000000080000000, 0x0000000100000000)
  region size 1024K, 37 young (37888K), 2 survivors (2048K)
 Metaspace       used 114483K, capacity 117094K, committed 118016K, reserved 1150976K
  class space    used 14349K, capacity 15312K, committed 15616K, reserved 1048576K
}
Event: 2142.394 GC heap after
{Heap after GC invocations=33 (full 0):
 garbage-first heap   total 196608K, used 124804K [0x0000000080000000, 0x0000000100000000)
  region size 1024K, 3 young (3072K), 3 survivors (3072K)
 Metaspace       used 114483K, capacity 117094K, committed 118016K, reserved 1150976K
  class space    used 14349K, capacity 15312K, committed 15616K, reserved 1048576K
}
Event: 2142.963 GC heap before
{Heap before GC invocations=34 (full 0):
 garbage-first heap   total 196608K, used 177028K [0x0000000080000000, 0x0000000100000000)
  region size 1024K, 39 young (39936K), 3 survivors (3072K)
 Metaspace       used 114721K, capacity 117366K, committed 118272K, reserved 1153024K
  class space    used 14366K, capacity 15353K, committed 15616K, reserved 1048576K
}
Event: 2142.971 GC heap after
{Heap after GC invocations=35 (full 0):
 garbage-first heap   total 196608K, used 125153K [0x0000000080000000, 0x0000000100000000)
  region size 1024K, 3 young (3072K), 3 survivors (3072K)
 Metaspace       used 114721K, capacity 117366K, committed 118272K, reserved 1153024K
  class space    used 14366K, capacity 15353K, committed 15616K, reserved 1048576K
}
Event: 2143.059 GC heap before
{Heap before GC invocations=35 (full 0):
 garbage-first heap   total 196608K, used 131297K [0x0000000080000000, 0x0000000100000000)
  region size 1024K, 9 young (9216K), 3 survivors (3072K)
 Metaspace       used 114807K, capacity 117460K, committed 118272K, reserved 1153024K
  class space    used 14371K, capacity 15359K, committed 15616K, reserved 1048576K
}
Event: 2143.072 GC heap after
{Heap after GC invocations=36 (full 0):
 garbage-first heap   total 196608K, used 124253K [0x0000000080000000, 0x0000000100000000)
  region size 1024K, 2 young (2048K), 2 survivors (2048K)
 Metaspace       used 114807K, capacity 117460K, committed 118272K, reserved 1153024K
  class space    used 14371K, capacity 15359K, committed 15616K, reserved 1048576K
}
Event: 2144.480 GC heap before
{Heap before GC invocations=36 (full 0):
 garbage-first heap   total 196608K, used 162141K [0x0000000080000000, 0x0000000100000000)
  region size 1024K, 40 young (40960K), 2 survivors (2048K)
 Metaspace       used 118041K, capacity 120661K, committed 121600K, reserved 1155072K
  class space    used 14612K, capacity 15585K, committed 15872K, reserved 1048576K
}
Event: 2144.496 GC heap after
{Heap after GC invocations=37 (full 0):
 garbage-first heap   total 196608K, used 128081K [0x0000000080000000, 0x0000000100000000)
  region size 1024K, 5 young (5120K), 5 survivors (5120K)
 Metaspace       used 118041K, capacity 120661K, committed 121600K, reserved 1155072K
  class space    used 14612K, capacity 15585K, committed 15872K, reserved 1048576K
}
Event: 2145.603 GC heap before
{Heap before GC invocations=38 (full 0):
 garbage-first heap   total 196608K, used 162897K [0x0000000080000000, 0x0000000100000000)
  region size 1024K, 40 young (40960K), 5 survivors (5120K)
 Metaspace       used 118434K, capacity 121077K, committed 122112K, reserved 1155072K
  class space    used 14636K, capacity 15617K, committed 15872K, reserved 1048576K
}
Event: 2145.608 GC heap after
{Heap after GC invocations=39 (full 0):
 garbage-first heap   total 196608K, used 126730K [0x0000000080000000, 0x0000000100000000)
  region size 1024K, 1 young (1024K), 1 survivors (1024K)
 Metaspace       used 118434K, capacity 121077K, committed 122112K, reserved 1155072K
  class space    used 14636K, capacity 15617K, committed 15872K, reserved 1048576K
}
Event: 2145.753 GC heap before
{Heap before GC invocations=39 (full 0):
 garbage-first heap   total 196608K, used 134922K [0x0000000080000000, 0x0000000100000000)
  region size 1024K, 9 young (9216K), 1 survivors (1024K)
 Metaspace       used 118711K, capacity 121333K, committed 122368K, reserved 1155072K
  class space    used 14657K, capacity 15617K, committed 15872K, reserved 1048576K
}
Event: 2145.766 GC heap after
{Heap after GC invocations=40 (full 0):
 garbage-first heap   total 196608K, used 114213K [0x0000000080000000, 0x0000000100000000)
  region size 1024K, 1 young (1024K), 1 survivors (1024K)
 Metaspace       used 118711K, capacity 121333K, committed 122368K, reserved 1155072K
  class space    used 14657K, capacity 15617K, committed 15872K, reserved 1048576K
}

