# JRE version: OpenJDK Runtime Environment (11.0.10) (build 11.0.10+0-b96-7249189)
# Java VM: OpenJDK 64-Bit Server VM (11.0.10+0-b96-7249189, mixed mode, tiered, compressed oops, g1 gc, windows-amd64)
Heap:
 garbage-first heap   total 410624K, used 161914K [0x0000000080000000, 0x0000000100000000)
  region size 1024K, 17 young (17408K), 17 survivors (17408K)
 Metaspace       used 154203K, capacity 158850K, committed 159108K, reserved 1187840K
  class space    used 18794K, capacity 20489K, committed 20580K, reserved 1048576K
GC Heap History (20 events):
Event: 4475.987 GC heap after
{Heap after GC invocations=144 (full 0):
 garbage-first heap   total 236544K, used 133684K [0x0000000080000000, 0x0000000100000000)
  region size 1024K, 6 young (6144K), 6 survivors (6144K)
 Metaspace       used 151854K, capacity 156354K, committed 156804K, reserved 1185792K
  class space    used 18564K, capacity 20181K, committed 20324K, reserved 1048576K
}
Event: 4476.283 GC heap before
{Heap before GC invocations=145 (full 0):
 garbage-first heap   total 236544K, used 185908K [0x0000000080000000, 0x0000000100000000)
  region size 1024K, 58 young (59392K), 6 survivors (6144K)
 Metaspace       used 152271K, capacity 156789K, committed 157060K, reserved 1185792K
  class space    used 18631K, capacity 20281K, committed 20324K, reserved 1048576K
}
Event: 4476.292 GC heap after
{Heap after GC invocations=146 (full 0):
 garbage-first heap   total 284672K, used 139132K [0x0000000080000000, 0x0000000100000000)
  region size 1024K, 8 young (8192K), 8 survivors (8192K)
 Metaspace       used 152271K, capacity 156789K, committed 157060K, reserved 1185792K
  class space    used 18631K, capacity 20281K, committed 20324K, reserved 1048576K
}
Event: 4476.316 GC heap before
{Heap before GC invocations=146 (full 0):
 garbage-first heap   total 284672K, used 144252K [0x0000000080000000, 0x0000000100000000)
  region size 1024K, 13 young (13312K), 8 survivors (8192K)
 Metaspace       used 152319K, capacity 156856K, committed 157060K, reserved 1185792K
  class space    used 18636K, capacity 20282K, committed 20324K, reserved 1048576K
}
Event: 4476.323 GC heap after
{Heap after GC invocations=147 (full 0):
 garbage-first heap   total 284672K, used 135182K [0x0000000080000000, 0x0000000100000000)
  region size 1024K, 2 young (2048K), 2 survivors (2048K)
 Metaspace       used 152319K, capacity 156856K, committed 157060K, reserved 1185792K
  class space    used 18636K, capacity 20282K, committed 20324K, reserved 1048576K
}
Event: 4476.698 GC heap before
{Heap before GC invocations=147 (full 0):
 garbage-first heap   total 284672K, used 209934K [0x0000000080000000, 0x0000000100000000)
  region size 1024K, 75 young (76800K), 2 survivors (2048K)
 Metaspace       used 153179K, capacity 157778K, committed 157956K, reserved 1187840K
  class space    used 18753K, capacity 20416K, committed 20452K, reserved 1048576K
}
Event: 4476.714 GC heap after
{Heap after GC invocations=148 (full 0):
 garbage-first heap   total 284672K, used 139621K [0x0000000080000000, 0x0000000100000000)
  region size 1024K, 7 young (7168K), 7 survivors (7168K)
 Metaspace       used 153179K, capacity 157778K, committed 157956K, reserved 1187840K
  class space    used 18753K, capacity 20416K, committed 20452K, reserved 1048576K
}
Event: 4477.115 GC heap before
{Heap before GC invocations=149 (full 0):
 garbage-first heap   total 284672K, used 216421K [0x0000000080000000, 0x0000000100000000)
  region size 1024K, 81 young (82944K), 7 survivors (7168K)
 Metaspace       used 153473K, capacity 158034K, committed 158212K, reserved 1187840K
  class space    used 18766K, capacity 20434K, committed 20452K, reserved 1048576K
}
Event: 4477.123 GC heap after
{Heap after GC invocations=150 (full 0):
 garbage-first heap   total 284672K, used 140410K [0x0000000080000000, 0x0000000100000000)
  region size 1024K, 6 young (6144K), 6 survivors (6144K)
 Metaspace       used 153473K, capacity 158034K, committed 158212K, reserved 1187840K
  class space    used 18766K, capacity 20434K, committed 20452K, reserved 1048576K
}
Event: 4477.372 GC heap before
{Heap before GC invocations=150 (full 0):
 garbage-first heap   total 284672K, used 219258K [0x0000000080000000, 0x0000000100000000)
  region size 1024K, 84 young (86016K), 6 survivors (6144K)
 Metaspace       used 153599K, capacity 158198K, committed 158212K, reserved 1187840K
  class space    used 18776K, capacity 20441K, committed 20452K, reserved 1048576K
}
Event: 4477.388 GC heap after
{Heap after GC invocations=151 (full 0):
 garbage-first heap   total 342016K, used 141249K [0x0000000080000000, 0x0000000100000000)
  region size 1024K, 7 young (7168K), 7 survivors (7168K)
 Metaspace       used 153599K, capacity 158198K, committed 158212K, reserved 1187840K
  class space    used 18776K, capacity 20441K, committed 20452K, reserved 1048576K
}
Event: 4477.837 GC heap before
{Heap before GC invocations=152 (full 0):
 garbage-first heap   total 342016K, used 249793K [0x0000000080000000, 0x0000000100000000)
  region size 1024K, 113 young (115712K), 7 survivors (7168K)
 Metaspace       used 153793K, capacity 158386K, committed 158596K, reserved 1187840K
  class space    used 18781K, capacity 20480K, committed 20580K, reserved 1048576K
}
Event: 4477.846 GC heap after
{Heap after GC invocations=153 (full 0):
 garbage-first heap   total 342016K, used 140863K [0x0000000080000000, 0x0000000100000000)
  region size 1024K, 7 young (7168K), 7 survivors (7168K)
 Metaspace       used 153793K, capacity 158386K, committed 158596K, reserved 1187840K
  class space    used 18781K, capacity 20480K, committed 20580K, reserved 1048576K
}
Event: 4478.138 GC heap before
{Heap before GC invocations=153 (full 0):
 garbage-first heap   total 342016K, used 258623K [0x0000000080000000, 0x0000000100000000)
  region size 1024K, 122 young (124928K), 7 survivors (7168K)
 Metaspace       used 153847K, capacity 158455K, committed 158596K, reserved 1187840K
  class space    used 18782K, capacity 20481K, committed 20580K, reserved 1048576K
}
Event: 4478.152 GC heap after
{Heap after GC invocations=154 (full 0):
 garbage-first heap   total 342016K, used 141434K [0x0000000080000000, 0x0000000100000000)
  region size 1024K, 7 young (7168K), 7 survivors (7168K)
 Metaspace       used 153847K, capacity 158455K, committed 158596K, reserved 1187840K
  class space    used 18782K, capacity 20481K, committed 20580K, reserved 1048576K
}
Event: 4478.591 GC heap before
{Heap before GC invocations=155 (full 0):
 garbage-first heap   total 342016K, used 271482K [0x0000000080000000, 0x0000000100000000)
  region size 1024K, 134 young (137216K), 7 survivors (7168K)
 Metaspace       used 153869K, capacity 158459K, committed 158596K, reserved 1187840K
  class space    used 18782K, capacity 20481K, committed 20580K, reserved 1048576K
}
Event: 4478.600 GC heap after
{Heap after GC invocations=156 (full 0):
 garbage-first heap   total 342016K, used 141204K [0x0000000080000000, 0x0000000100000000)
  region size 1024K, 7 young (7168K), 7 survivors (7168K)
 Metaspace       used 153869K, capacity 158459K, committed 158596K, reserved 1187840K
  class space    used 18782K, capacity 20481K, committed 20580K, reserved 1048576K
}
Event: 4478.962 GC heap before
{Heap before GC invocations=156 (full 0):
 garbage-first heap   total 342016K, used 274324K [0x0000000080000000, 0x0000000100000000)
  region size 1024K, 137 young (140288K), 7 survivors (7168K)
 Metaspace       used 153995K, capacity 158623K, committed 158852K, reserved 1187840K
  class space    used 18787K, capacity 20488K, committed 20580K, reserved 1048576K
}
Event: 4478.978 GC heap after
{Heap after GC invocations=157 (full 0):
 garbage-first heap   total 342016K, used 142212K [0x0000000080000000, 0x0000000100000000)
  region size 1024K, 8 young (8192K), 8 survivors (8192K)
 Metaspace       used 153995K, capacity 158623K, committed 158852K, reserved 1187840K
  class space    used 18787K, capacity 20488K, committed 20580K, reserved 1048576K
}
Event: 4480.218 GC heap before
{Heap before GC invocations=158 (full 0):
 garbage-first heap   total 342016K, used 294788K [0x0000000080000000, 0x0000000100000000)
  region size 1024K, 142 young (145408K), 8 survivors (8192K)
 Metaspace       used 154203K, capacity 158850K, committed 159108K, reserved 1187840K
  class space    used 18794K, capacity 20489K, committed 20580K, reserved 1048576K
}

